[0m15:51:00.752620 [debug] [MainThread]: Sending event: {'category': 'dbt', 'action': 'invocation', 'label': 'start', 'context': [<snowplow_tracker.self_describing_json.SelfDescribingJson object at 0x10a47d610>, <snowplow_tracker.self_describing_json.SelfDescribingJson object at 0x10b3bb250>, <snowplow_tracker.self_describing_json.SelfDescribingJson object at 0x10b3e34d0>]}


============================== 15:51:00.757160 | f5668444-b549-4a9d-9234-6dba5ee3b8f9 ==============================
[0m15:51:00.757160 [info ] [MainThread]: Running with dbt=1.9.0-rc1
[0m15:51:00.757636 [debug] [MainThread]: running dbt with arguments {'printer_width': '80', 'indirect_selection': 'eager', 'log_cache_events': 'False', 'write_json': 'True', 'partial_parse': 'True', 'cache_selected_only': 'False', 'profiles_dir': '/Users/takuto/.dbt', 'version_check': 'True', 'fail_fast': 'False', 'log_path': 'logs', 'debug': 'False', 'warn_error': 'None', 'use_colors': 'True', 'use_experimental_parser': 'False', 'no_print': 'None', 'quiet': 'False', 'empty': 'None', 'log_format': 'default', 'introspect': 'True', 'warn_error_options': 'WarnErrorOptions(include=[], exclude=[])', 'invocation_command': 'dbt init tutorial', 'target_path': 'None', 'static_parser': 'True', 'send_anonymous_usage_stats': 'True'}
[0m15:51:00.772245 [warn ] [MainThread]: [ConfigFolderDirectory]: Unable to parse logging event dictionary. Failed to parse dir field: expected string or bytes-like object, got 'PosixPath'.. Dictionary: {'dir': PosixPath('/Users/takuto/.dbt')}
[0m15:51:00.772907 [info ] [MainThread]: Creating dbt configuration folder at 
[0m15:51:00.774441 [debug] [MainThread]: Starter project path: /Users/takuto/Desktop/japanr_dbtplyr/.venv/lib/python3.11/site-packages/dbt/include/starter_project
[0m15:51:00.784083 [info ] [MainThread]: 
Your new dbt project "tutorial" was created!

For more information on how to configure the profiles.yml file,
please consult the dbt documentation here:

  https://docs.getdbt.com/docs/configure-your-profile

One more thing:

Need help? Don't hesitate to reach out to us via GitHub issues or on Slack:

  https://community.getdbt.com/

Happy modeling!

[0m15:51:00.784445 [info ] [MainThread]: Setting up your profile.
[0m15:52:21.349010 [info ] [MainThread]: Profile tutorial written to /Users/takuto/.dbt/profiles.yml using target's profile_template.yml and your supplied values. Run 'dbt debug' to validate the connection.
[0m15:52:21.355101 [debug] [MainThread]: Resource report: {"command_name": "init", "command_success": true, "command_wall_clock_time": 80.66376, "process_in_blocks": "0", "process_kernel_time": 0.208789, "process_mem_max_rss": "92274688", "process_out_blocks": "0", "process_user_time": 0.941311}
[0m15:52:21.355974 [debug] [MainThread]: Command `dbt init` succeeded at 15:52:21.355826 after 80.67 seconds
[0m15:52:21.356661 [debug] [MainThread]: Sending event: {'category': 'dbt', 'action': 'invocation', 'label': 'end', 'context': [<snowplow_tracker.self_describing_json.SelfDescribingJson object at 0x10b36f150>, <snowplow_tracker.self_describing_json.SelfDescribingJson object at 0x1051a1510>, <snowplow_tracker.self_describing_json.SelfDescribingJson object at 0x104abe4d0>]}
[0m15:52:21.357178 [debug] [MainThread]: Flushing usage events
[0m15:52:22.444315 [debug] [MainThread]: An error was encountered while trying to flush usage events
